<?xml version="1.0" encoding="UTF-8"?>
<!-- Generated by org.testng.reporters.JUnitReportReporter -->
<testsuite skipped="0" hostname="DESKTOP-RV3G2MV" name="testcases.TC122" tests="1" failures="0" timestamp="13 May 2021 14:30:26 GMT" time="87.413" errors="0">
  <testcase name="login" time="87.413" classname="testcases.TC122"/>
</testsuite> <!-- testcases.TC122 -->
