<?xml version="1.0" encoding="UTF-8"?>
<!-- Generated by org.testng.reporters.JUnitReportReporter -->
<testsuite skipped="0" hostname="DESKTOP-RV3G2MV" name="testcases.TC211" tests="1" failures="0" timestamp="26 May 2021 05:06:53 GMT" time="201.442" errors="0">
  <testcase name="login" time="201.442" classname="testcases.TC211"/>
</testsuite> <!-- testcases.TC211 -->
