<?xml version="1.0" encoding="UTF-8"?>
<!-- Generated by org.testng.reporters.JUnitReportReporter -->
<testsuite skipped="0" hostname="DESKTOP-RV3G2MV" name="testcases.TC45" tests="1" failures="0" timestamp="26 May 2021 06:20:28 GMT" time="209.773" errors="0">
  <testcase name="login" time="209.773" classname="testcases.TC45"/>
</testsuite> <!-- testcases.TC45 -->
