<?xml version="1.0" encoding="UTF-8"?>
<!-- Generated by org.testng.reporters.JUnitReportReporter -->
<testsuite skipped="0" hostname="DESKTOP-RV3G2MV" name="testcases.TC23" tests="1" failures="0" timestamp="13 May 2021 10:17:40 GMT" time="321.186" errors="0">
  <testcase name="login" time="321.186" classname="testcases.TC23"/>
</testsuite> <!-- testcases.TC23 -->
