<?xml version="1.0" encoding="UTF-8"?>
<!-- Generated by org.testng.reporters.JUnitReportReporter -->
<testsuite skipped="0" hostname="DESKTOP-RV3G2MV" name="testcases.TC26" tests="1" failures="0" timestamp="25 May 2021 10:04:16 GMT" time="334.615" errors="0">
  <testcase name="login" time="334.615" classname="testcases.TC26"/>
</testsuite> <!-- testcases.TC26 -->
