<?xml version="1.0" encoding="UTF-8"?>
<!-- Generated by org.testng.reporters.JUnitReportReporter -->
<testsuite skipped="0" hostname="DESKTOP-RV3G2MV" name="testcases.TC79" tests="1" failures="0" timestamp="13 May 2021 07:38:45 GMT" time="216.470" errors="0">
  <testcase name="login" time="216.470" classname="testcases.TC79"/>
</testsuite> <!-- testcases.TC79 -->
