<?xml version="1.0" encoding="UTF-8"?>
<!-- Generated by org.testng.reporters.JUnitReportReporter -->
<testsuite skipped="0" hostname="DESKTOP-RV3G2MV" name="testcases.TC17" tests="1" failures="0" timestamp="26 May 2021 06:24:20 GMT" time="212.849" errors="0">
  <testcase name="login" time="212.849" classname="testcases.TC17"/>
</testsuite> <!-- testcases.TC17 -->
