<?xml version="1.0" encoding="UTF-8"?>
<!-- Generated by org.testng.reporters.JUnitReportReporter -->
<testsuite skipped="0" hostname="DESKTOP-RV3G2MV" name="testcases.TC121" tests="1" failures="0" timestamp="13 May 2021 14:30:26 GMT" time="78.123" errors="0">
  <testcase name="login" time="78.123" classname="testcases.TC121"/>
</testsuite> <!-- testcases.TC121 -->
