<?xml version="1.0" encoding="UTF-8"?>
<!-- Generated by org.testng.reporters.JUnitReportReporter -->
<testsuite skipped="0" hostname="DESKTOP-RV3G2MV" name="testcases.TC12" tests="1" failures="0" timestamp="13 May 2021 07:38:45 GMT" time="88.717" errors="0">
  <testcase name="login" time="88.717" classname="testcases.TC12"/>
</testsuite> <!-- testcases.TC12 -->
