<?xml version="1.0" encoding="UTF-8"?>
<!-- Generated by org.testng.reporters.JUnitReportReporter -->
<testsuite skipped="0" hostname="DESKTOP-RV3G2MV" name="testcases.TC201" tests="1" failures="0" timestamp="13 May 2021 07:38:45 GMT" time="312.902" errors="0">
  <testcase name="login" time="312.902" classname="testcases.TC201"/>
</testsuite> <!-- testcases.TC201 -->
