<?xml version="1.0" encoding="UTF-8"?>
<!-- Generated by org.testng.reporters.JUnitReportReporter -->
<testsuite skipped="0" hostname="DESKTOP-RV3G2MV" name="testcases.TC73" tests="1" failures="0" timestamp="13 May 2021 07:38:45 GMT" time="203.699" errors="0">
  <testcase name="login" time="203.699" classname="testcases.TC73"/>
</testsuite> <!-- testcases.TC73 -->
